<?xml version="1.0" encoding="UTF-8"?>
<!-- Generated by org.testng.reporters.JUnitReportReporter -->
<testsuite hostname="David" failures="0" tests="1" name="com.hrms.testcases.LoginTest" time="14.080" errors="0" timestamp="2020-06-05T22:48:32 PDT" skipped="0">
  <testcase classname="com.hrms.testcases.LoginTest" name="adminLogin" time="14.080"/>
  <system-out/>
</testsuite> <!-- com.hrms.testcases.LoginTest -->
