<?xml version="1.0" encoding="UTF-8"?>
<!-- Generated by org.testng.reporters.JUnitReportReporter -->
<testsuite hostname="David" failures="0" tests="1" name="com.hrms.testcases.LoginTest" time="10.311" errors="0" timestamp="2020-06-06T15:27:10 PDT" skipped="0">
  <testcase classname="com.hrms.testcases.LoginTest" name="adminLogin" time="10.311"/>
  <system-out/>
</testsuite> <!-- com.hrms.testcases.LoginTest -->
