<?xml version="1.0" encoding="UTF-8"?>
<!-- Generated by org.testng.reporters.JUnitReportReporter -->
<testsuite hostname="David" failures="0" tests="1" name="com.hrms.testcases.HWTest" time="31.687" errors="0" timestamp="2020-06-06T15:52:59 PDT" skipped="0">
  <testcase classname="com.hrms.testcases.HWTest" name="loginCredentials" time="31.687"/>
  <system-out/>
</testsuite> <!-- com.hrms.testcases.HWTest -->
