<?xml version="1.0" encoding="UTF-8"?>
<!-- Generated by org.testng.reporters.JUnitReportReporter -->
<testsuite hostname="David" failures="0" tests="1" name="com.hrms.testcases.AddEmployeeTest" time="22.316" errors="0" timestamp="2020-06-05T22:24:08 PDT" skipped="0">
  <testcase classname="com.hrms.testcases.AddEmployeeTest" name="addEmployeePage" time="22.316"/>
  <system-out/>
</testsuite> <!-- com.hrms.testcases.AddEmployeeTest -->
