<?xml version="1.0" encoding="UTF-8"?>
<!-- Generated by org.testng.reporters.JUnitReportReporter -->
<testsuite hostname="David" failures="0" tests="2" name="com.hrms.testcases.LoginTest" time="18.109" errors="0" timestamp="2020-06-07T14:32:34 PDT" skipped="0">
  <testcase classname="com.hrms.testcases.LoginTest" name="emptyUsernameLogin" time="6.647"/>
  <system-out/>
  <testcase classname="com.hrms.testcases.LoginTest" name="invalidPasswordLogin" time="11.462"/>
  <system-out/>
</testsuite> <!-- com.hrms.testcases.LoginTest -->
